<?xml version="1.0" encoding="UTF-8"?>
<!-- Generated by org.testng.reporters.JUnitXMLReporter -->
<testsuite hostname="DESKTOP-TRQFG73" name="Test" tests="2" failures="2" timestamp="14 Dec 2017 06:10:52 GMT" time="17.885" errors="0">
  <testcase name="logInLogOut" time="0.533" classname="testcases.TC001_LogInLogOut">
    <failure type="java.lang.RuntimeException" message="FAILED">
      <![CDATA[java.lang.RuntimeException: FAILED
	at utils.Reporter.reportStep(Reporter.java:34)
	at utils.Reporter.reportStep(Reporter.java:44)
	at wdMethods.SeMethods.verifyTitle(SeMethods.java:199)
	at pages.LoginPage.<init>(LoginPage.java:20)
	at testcases.TC001_LogInLogOut.logInLogOut(TC001_LogInLogOut.java:23)
... Removed 27 stack frames]]>
    </failure>
  </testcase> <!-- logInLogOut -->
  <testcase name="logInLogOut" time="0.469" classname="testcases.TC001_LogInLogOut">
    <failure type="java.lang.RuntimeException" message="FAILED">
      <![CDATA[java.lang.RuntimeException: FAILED
	at utils.Reporter.reportStep(Reporter.java:34)
	at utils.Reporter.reportStep(Reporter.java:44)
	at wdMethods.SeMethods.verifyTitle(SeMethods.java:199)
	at pages.LoginPage.<init>(LoginPage.java:20)
	at testcases.TC001_LogInLogOut.logInLogOut(TC001_LogInLogOut.java:23)
... Removed 27 stack frames]]>
    </failure>
  </testcase> <!-- logInLogOut -->
</testsuite> <!-- Test -->
